<?xml version="1.0" encoding="UTF-8"?>
<!-- Generated by org.testng.reporters.JUnitReportReporter -->
<testsuite hostname="Rupeshs-MacBook-Pro.local" name="com.test.utilities.ReadPdfFile" tests="1" failures="0" timestamp="3 Feb 2017 06:58:25 GMT" time="1.426" errors="0">
  <testcase name="readMain" time="1.426" classname="com.test.utilities.ReadPdfFile"/>
</testsuite> <!-- com.test.utilities.ReadPdfFile -->
