<?xml version="1.0" encoding="UTF-8"?>
<!-- Generated by org.testng.reporters.JUnitReportReporter -->
<testsuite hostname="Rupeshs-MacBook-Pro.local" name="com.test.flipkart.EnterInfo" tests="1" failures="0" timestamp="1 Feb 2017 18:03:05 GMT" time="0.027" errors="0">
  <testcase name="enterInfo" time="0.027" classname="com.test.flipkart.EnterInfo"/>
</testsuite> <!-- com.test.flipkart.EnterInfo -->
